<?xml version="1.0" encoding="UTF-8"?>
<!-- Generated by org.testng.reporters.JUnitReportReporter -->
<testsuite hostname="L-ANILPATRO-ILB" name="loginEasyops.EasyOpsLoginTest" tests="1" failures="0" timestamp="10 Apr 2016 07:49:53 GMT" time="0.064" errors="0">
  <testcase name="checkLoginBtnAvl" time="0.064" classname="loginEasyops.EasyOpsLoginTest"/>
</testsuite> <!-- loginEasyops.EasyOpsLoginTest -->
