<?xml version="1.0" encoding="UTF-8"?>
<!-- Generated by org.testng.reporters.JUnitReportReporter -->
<testsuite hostname="L-ANILPATRO-ILB" name="loginEasyops.EasyOpsLoginTest" tests="1" failures="0" timestamp="21 Apr 2016 10:53:19 GMT" time="0.102" errors="0">
  <testcase name="checkLoginBtnAvl" time="0.102" classname="loginEasyops.EasyOpsLoginTest"/>
</testsuite> <!-- loginEasyops.EasyOpsLoginTest -->
